2026-04-29 14:26:03,090 [INFO] ======== INICIO DEL PIPELINE ========
2026-04-29 14:26:03,090 [INFO] Ingesta iniciada — origen: data/raw/historial_ventas.csv
2026-04-29 14:26:03,094 [INFO] Respaldo guardado en: data/raw/historial_ventas_backup.csv
2026-04-29 14:26:03,096 [INFO] Filas cargadas: 10 | Columnas: ['id', 'nombre', 'edad', 'ciudad', 'fecha_compra', 'monto', 'metodo_pago']
2026-04-29 14:26:03,099 [INFO] Nulos por columna:
id              0
nombre          0
edad            0
ciudad          0
fecha_compra    0
monto           0
metodo_pago     0
2026-04-29 14:26:03,101 [INFO] Filas duplicadas: 1
2026-04-29 14:26:03,103 [INFO] Shape inicial: (10, 7)
2026-04-29 14:26:03,104 [INFO] Nulos por columna:
id              0
nombre          0
edad            0
ciudad          0
fecha_compra    0
monto           0
metodo_pago     0
2026-04-29 14:26:03,104 [INFO] Filas duplicadas: 1
2026-04-29 14:26:03,105 [INFO] id — eliminadas 0 filas sin id
2026-04-29 14:26:03,107 [INFO] edad — eliminadas 1 filas con edad inválida
2026-04-29 14:26:03,108 [INFO] nombre — eliminadas 1 filas con nombre inválido
2026-04-29 14:26:03,109 [INFO] monto — imputadas 1 filas con la mediana
2026-04-29 14:26:03,110 [INFO] ciudad — eliminadas 0 filas con ciudad inválida
2026-04-29 14:26:03,112 [INFO] fecha_compra — eliminadas 2 filas con fecha inválida
2026-04-29 14:26:03,113 [INFO] metodo_pago — eliminadas 0 filas con método inválido
2026-04-29 14:26:03,113 [INFO] duplicados — eliminadas 1 filas duplicadas por id
2026-04-29 14:26:03,113 [INFO] Shape final: (5, 7)
2026-04-29 14:26:03,116 [INFO] Semántica 1 — edad fuera de rango: 1 registros
2026-04-29 14:26:03,117 [INFO] Semántica 2 — monto inválido (<= 0): 0 registros
2026-04-29 14:26:03,117 [INFO] Semántica 3 — metodo_pago no reconocido: 1 registros
2026-04-29 14:26:03,118 [INFO] Semántica 4 — fecha futura: 0 registros
2026-04-29 14:26:03,119 [INFO] Semántica 5 — nombre numérico: 0 registros
2026-04-29 14:26:03,120 [INFO] Registros válidos:  3
2026-04-29 14:26:03,120 [INFO] Registros erróneos: 2
2026-04-29 14:26:03,127 [INFO] ======== PIPELINE FINALIZADO ========
